<?xml version="1.0" encoding="UTF-8"?>
<!-- Generated by org.testng.reporters.JUnitReportReporter -->
<testsuite hostname="rajkumar" failures="0" tests="1" name="Test_Classes.Patch_TC" time="2.106" errors="0" timestamp="2023-06-26T21:58:31 IST" skipped="0">
  <testcase classname="Test_Classes.Patch_TC" name="extractor" time="2.106"/>
  <system-out/>
</testsuite> <!-- Test_Classes.Patch_TC -->
