<?xml version="1.0" encoding="UTF-8"?>
<!-- Generated by org.testng.reporters.JUnitReportReporter -->
<testsuite hostname="rajkumar" failures="0" tests="1" name="Test_Classes.Get_TC" time="0.602" errors="0" timestamp="2023-06-26T21:58:31 IST" skipped="0">
  <testcase classname="Test_Classes.Get_TC" name="extractor" time="0.602"/>
  <system-out/>
</testsuite> <!-- Test_Classes.Get_TC -->
