<?xml version="1.0" encoding="UTF-8"?>
<!-- Generated by org.testng.reporters.JUnitReportReporter -->
<testsuite hostname="rajkumar" failures="0" tests="1" name="Test_Classes.Post_Create_TC_01" time="2.135" errors="0" timestamp="2023-06-26T21:58:31 IST" skipped="0">
  <testcase classname="Test_Classes.Post_Create_TC_01" name="extractor" time="2.135"/>
  <system-out/>
</testsuite> <!-- Test_Classes.Post_Create_TC_01 -->
